[debug] [2023-01-15T01:03:28.160Z] ----------------------------------------------------------------------
[debug] [2023-01-15T01:03:28.171Z] Command:       C:\Program Files\nodejs\node.exe C:\Program Files\nodejs\node_modules\firebase-tools\lib\bin\firebase.js init
[debug] [2023-01-15T01:03:28.173Z] CLI Version:   11.19.0
[debug] [2023-01-15T01:03:28.174Z] Platform:      win32
[debug] [2023-01-15T01:03:28.175Z] Node Version:  v18.12.1
[debug] [2023-01-15T01:03:28.189Z] Time:          Sat Jan 14 2023 22:03:28 GMT-0300 (hora estándar de Argentina)
[debug] [2023-01-15T01:03:28.191Z] ----------------------------------------------------------------------
[debug] 
[debug] [2023-01-15T01:03:28.583Z] > command requires scopes: ["email","openid","https://www.googleapis.com/auth/cloudplatformprojects.readonly","https://www.googleapis.com/auth/firebase","https://www.googleapis.com/auth/cloud-platform"]
[debug] [2023-01-15T01:03:28.586Z] > authorizing via signed-in user (hugo.n.montefusco@gmail.com)
[info] 
     ######## #### ########  ######## ########     ###     ######  ########
     ##        ##  ##     ## ##       ##     ##  ##   ##  ##       ##
     ######    ##  ########  ######   ########  #########  ######  ######
     ##        ##  ##    ##  ##       ##     ## ##     ##       ## ##
     ##       #### ##     ## ######## ########  ##     ##  ######  ########

You're about to initialize a Firebase project in this directory:

  C:\Users\Hugo\Desktop\PROGRAMACION\proyecto integrador\Frontend

Before we get started, keep in mind:

  * You are initializing within an existing Firebase project directory

